{"/Users/bkessels/Git-projects/websites/bartkessels.github.io/src/managers/backpacking.manager.ts": {"path":"/Users/bkessels/Git-projects/websites/bartkessels.github.io/src/managers/backpacking.manager.ts","statementMap":{"0":{"start":{"line":6,"column":25},"end":{"line":6,"column":null}},"1":{"start":{"line":12,"column":23},"end":{"line":12,"column":null}},"2":{"start":{"line":14,"column":8},"end":{"line":16,"column":null}},"3":{"start":{"line":15,"column":66},"end":{"line":15,"column":79}},"4":{"start":{"line":16,"column":106},"end":{"line":16,"column":151}},"5":{"start":{"line":20,"column":23},"end":{"line":20,"column":null}},"6":{"start":{"line":21,"column":26},"end":{"line":21,"column":null}},"7":{"start":{"line":23,"column":8},"end":{"line":23,"column":null}},"8":{"start":{"line":27,"column":25},"end":{"line":27,"column":null}},"9":{"start":{"line":29,"column":8},"end":{"line":32,"column":null}},"10":{"start":{"line":30,"column":68},"end":{"line":30,"column":81}},"11":{"start":{"line":31,"column":68},"end":{"line":31,"column":102}},"12":{"start":{"line":32,"column":110},"end":{"line":32,"column":155}},"13":{"start":{"line":36,"column":22},"end":{"line":36,"column":null}},"14":{"start":{"line":38,"column":8},"end":{"line":40,"column":null}},"15":{"start":{"line":39,"column":12},"end":{"line":39,"column":null}},"16":{"start":{"line":42,"column":8},"end":{"line":42,"column":null}},"17":{"start":{"line":46,"column":22},"end":{"line":46,"column":null}},"18":{"start":{"line":48,"column":8},"end":{"line":50,"column":null}},"19":{"start":{"line":49,"column":12},"end":{"line":49,"column":null}},"20":{"start":{"line":52,"column":8},"end":{"line":52,"column":null}},"21":{"start":{"line":56,"column":22},"end":{"line":56,"column":null}},"22":{"start":{"line":58,"column":8},"end":{"line":58,"column":null}},"23":{"start":{"line":58,"column":73},"end":{"line":58,"column":86}},"24":{"start":{"line":62,"column":22},"end":{"line":62,"column":null}},"25":{"start":{"line":63,"column":8},"end":{"line":63,"column":null}},"26":{"start":{"line":63,"column":73},"end":{"line":63,"column":107}}},"fnMap":{"0":{"name":"(anonymous_0)","decl":{"start":{"line":5,"column":4},"end":{"line":5,"column":null}},"loc":{"start":{"line":7,"column":6},"end":{"line":9,"column":null}},"line":7},"1":{"name":"(anonymous_1)","decl":{"start":{"line":11,"column":17},"end":{"line":11,"column":79}},"loc":{"start":{"line":11,"column":79},"end":{"line":17,"column":null}},"line":11},"2":{"name":"(anonymous_2)","decl":{"start":{"line":15,"column":20},"end":{"line":15,"column":21}},"loc":{"start":{"line":15,"column":66},"end":{"line":15,"column":79}},"line":15},"3":{"name":"(anonymous_3)","decl":{"start":{"line":16,"column":18},"end":{"line":16,"column":19}},"loc":{"start":{"line":16,"column":106},"end":{"line":16,"column":151}},"line":16},"4":{"name":"(anonymous_4)","decl":{"start":{"line":19,"column":17},"end":{"line":19,"column":33}},"loc":{"start":{"line":19,"column":111},"end":{"line":24,"column":null}},"line":19},"5":{"name":"(anonymous_5)","decl":{"start":{"line":26,"column":17},"end":{"line":26,"column":29}},"loc":{"start":{"line":26,"column":127},"end":{"line":33,"column":null}},"line":26},"6":{"name":"(anonymous_6)","decl":{"start":{"line":30,"column":20},"end":{"line":30,"column":21}},"loc":{"start":{"line":30,"column":68},"end":{"line":30,"column":81}},"line":30},"7":{"name":"(anonymous_7)","decl":{"start":{"line":31,"column":20},"end":{"line":31,"column":21}},"loc":{"start":{"line":31,"column":68},"end":{"line":31,"column":102}},"line":31},"8":{"name":"(anonymous_8)","decl":{"start":{"line":32,"column":18},"end":{"line":32,"column":19}},"loc":{"start":{"line":32,"column":110},"end":{"line":32,"column":155}},"line":32},"9":{"name":"(anonymous_9)","decl":{"start":{"line":35,"column":11},"end":{"line":35,"column":30}},"loc":{"start":{"line":35,"column":181},"end":{"line":43,"column":null}},"line":35},"10":{"name":"(anonymous_10)","decl":{"start":{"line":45,"column":11},"end":{"line":45,"column":26}},"loc":{"start":{"line":45,"column":177},"end":{"line":53,"column":null}},"line":45},"11":{"name":"(anonymous_11)","decl":{"start":{"line":55,"column":17},"end":{"line":55,"column":77}},"loc":{"start":{"line":55,"column":77},"end":{"line":59,"column":null}},"line":55},"12":{"name":"(anonymous_12)","decl":{"start":{"line":58,"column":28},"end":{"line":58,"column":29}},"loc":{"start":{"line":58,"column":73},"end":{"line":58,"column":86}},"line":58},"13":{"name":"(anonymous_13)","decl":{"start":{"line":61,"column":17},"end":{"line":61,"column":33}},"loc":{"start":{"line":61,"column":96},"end":{"line":64,"column":null}},"line":61},"14":{"name":"(anonymous_14)","decl":{"start":{"line":63,"column":28},"end":{"line":63,"column":29}},"loc":{"start":{"line":63,"column":73},"end":{"line":63,"column":107}},"line":63}},"branchMap":{"0":{"loc":{"start":{"line":21,"column":26},"end":{"line":21,"column":null}},"type":"binary-expr","locations":[{"start":{"line":21,"column":26},"end":{"line":21,"column":47}},{"start":{"line":21,"column":47},"end":{"line":21,"column":null}}],"line":21},"1":{"loc":{"start":{"line":38,"column":8},"end":{"line":40,"column":null}},"type":"if","locations":[{"start":{"line":38,"column":8},"end":{"line":40,"column":null}},{"start":{},"end":{}}],"line":38},"2":{"loc":{"start":{"line":42,"column":15},"end":{"line":42,"column":null}},"type":"binary-expr","locations":[{"start":{"line":42,"column":15},"end":{"line":42,"column":41}},{"start":{"line":42,"column":41},"end":{"line":42,"column":null}}],"line":42},"3":{"loc":{"start":{"line":48,"column":8},"end":{"line":50,"column":null}},"type":"if","locations":[{"start":{"line":48,"column":8},"end":{"line":50,"column":null}},{"start":{},"end":{}}],"line":48},"4":{"loc":{"start":{"line":52,"column":15},"end":{"line":52,"column":null}},"type":"binary-expr","locations":[{"start":{"line":52,"column":15},"end":{"line":52,"column":41}},{"start":{"line":52,"column":41},"end":{"line":52,"column":null}}],"line":52}},"s":{"0":1,"1":4,"2":4,"3":10,"4":5,"5":2,"6":2,"7":2,"8":3,"9":3,"10":6,"11":5,"12":1,"13":2,"14":2,"15":1,"16":1,"17":2,"18":2,"19":0,"20":2,"21":2,"22":2,"23":4,"24":1,"25":1,"26":2},"f":{"0":1,"1":4,"2":10,"3":5,"4":2,"5":3,"6":6,"7":5,"8":1,"9":2,"10":2,"11":2,"12":4,"13":1,"14":2},"b":{"0":[2,1],"1":[1,1],"2":[1,0],"3":[0,2],"4":[2,1]},"meta":{"lastBranch":5,"lastFunction":15,"lastStatement":27,"seen":{"f:5:4:5:Infinity":0,"s:6:25:6:Infinity":0,"f:11:17:11:79":1,"s:12:23:12:Infinity":1,"s:14:8:16:Infinity":2,"f:15:20:15:21":2,"s:15:66:15:79":3,"f:16:18:16:19":3,"s:16:106:16:151":4,"f:19:17:19:33":4,"s:20:23:20:Infinity":5,"s:21:26:21:Infinity":6,"b:21:26:21:47:21:47:21:Infinity":0,"s:23:8:23:Infinity":7,"f:26:17:26:29":5,"s:27:25:27:Infinity":8,"s:29:8:32:Infinity":9,"f:30:20:30:21":6,"s:30:68:30:81":10,"f:31:20:31:21":7,"s:31:68:31:102":11,"f:32:18:32:19":8,"s:32:110:32:155":12,"f:35:11:35:30":9,"s:36:22:36:Infinity":13,"b:38:8:40:Infinity:undefined:undefined:undefined:undefined":1,"s:38:8:40:Infinity":14,"s:39:12:39:Infinity":15,"s:42:8:42:Infinity":16,"b:42:15:42:41:42:41:42:Infinity":2,"f:45:11:45:26":10,"s:46:22:46:Infinity":17,"b:48:8:50:Infinity:undefined:undefined:undefined:undefined":3,"s:48:8:50:Infinity":18,"s:49:12:49:Infinity":19,"s:52:8:52:Infinity":20,"b:52:15:52:41:52:41:52:Infinity":4,"f:55:17:55:77":11,"s:56:22:56:Infinity":21,"s:58:8:58:Infinity":22,"f:58:28:58:29":12,"s:58:73:58:86":23,"f:61:17:61:33":13,"s:62:22:62:Infinity":24,"s:63:8:63:Infinity":25,"f:63:28:63:29":14,"s:63:73:63:107":26}}}
,"/Users/bkessels/Git-projects/websites/bartkessels.github.io/src/managers/blog.manager.ts": {"path":"/Users/bkessels/Git-projects/websites/bartkessels.github.io/src/managers/blog.manager.ts","statementMap":{"0":{"start":{"line":5,"column":47},"end":{"line":5,"column":null}},"1":{"start":{"line":8,"column":25},"end":{"line":8,"column":null}},"2":{"start":{"line":14,"column":8},"end":{"line":14,"column":null}},"3":{"start":{"line":18,"column":22},"end":{"line":18,"column":null}},"4":{"start":{"line":19,"column":8},"end":{"line":21,"column":null}},"5":{"start":{"line":20,"column":52},"end":{"line":20,"column":65}},"6":{"start":{"line":21,"column":78},"end":{"line":21,"column":123}},"7":{"start":{"line":25,"column":22},"end":{"line":25,"column":null}},"8":{"start":{"line":26,"column":8},"end":{"line":29,"column":null}},"9":{"start":{"line":27,"column":52},"end":{"line":27,"column":68}},"10":{"start":{"line":28,"column":52},"end":{"line":28,"column":88}},"11":{"start":{"line":33,"column":22},"end":{"line":33,"column":null}},"12":{"start":{"line":34,"column":8},"end":{"line":34,"column":null}},"13":{"start":{"line":34,"column":60},"end":{"line":34,"column":89}},"14":{"start":{"line":38,"column":25},"end":{"line":38,"column":null}},"15":{"start":{"line":39,"column":25},"end":{"line":39,"column":null}},"16":{"start":{"line":41,"column":8},"end":{"line":41,"column":null}}},"fnMap":{"0":{"name":"(anonymous_0)","decl":{"start":{"line":7,"column":4},"end":{"line":7,"column":null}},"loc":{"start":{"line":9,"column":6},"end":{"line":11,"column":null}},"line":9},"1":{"name":"(anonymous_1)","decl":{"start":{"line":13,"column":17},"end":{"line":13,"column":25}},"loc":{"start":{"line":13,"column":78},"end":{"line":15,"column":null}},"line":13},"2":{"name":"(anonymous_2)","decl":{"start":{"line":17,"column":17},"end":{"line":17,"column":64}},"loc":{"start":{"line":17,"column":64},"end":{"line":22,"column":null}},"line":17},"3":{"name":"(anonymous_3)","decl":{"start":{"line":20,"column":20},"end":{"line":20,"column":21}},"loc":{"start":{"line":20,"column":52},"end":{"line":20,"column":65}},"line":20},"4":{"name":"(anonymous_4)","decl":{"start":{"line":21,"column":18},"end":{"line":21,"column":19}},"loc":{"start":{"line":21,"column":78},"end":{"line":21,"column":123}},"line":21},"5":{"name":"(anonymous_5)","decl":{"start":{"line":24,"column":17},"end":{"line":24,"column":33}},"loc":{"start":{"line":24,"column":100},"end":{"line":30,"column":null}},"line":24},"6":{"name":"(anonymous_6)","decl":{"start":{"line":27,"column":20},"end":{"line":27,"column":21}},"loc":{"start":{"line":27,"column":52},"end":{"line":27,"column":68}},"line":27},"7":{"name":"(anonymous_7)","decl":{"start":{"line":28,"column":20},"end":{"line":28,"column":21}},"loc":{"start":{"line":28,"column":52},"end":{"line":28,"column":88}},"line":28},"8":{"name":"(anonymous_8)","decl":{"start":{"line":32,"column":17},"end":{"line":32,"column":36}},"loc":{"start":{"line":32,"column":115},"end":{"line":35,"column":null}},"line":32},"9":{"name":"(anonymous_9)","decl":{"start":{"line":34,"column":28},"end":{"line":34,"column":29}},"loc":{"start":{"line":34,"column":60},"end":{"line":34,"column":89}},"line":34},"10":{"name":"(anonymous_10)","decl":{"start":{"line":37,"column":17},"end":{"line":37,"column":33}},"loc":{"start":{"line":37,"column":96},"end":{"line":42,"column":null}},"line":37}},"branchMap":{"0":{"loc":{"start":{"line":39,"column":25},"end":{"line":39,"column":null}},"type":"binary-expr","locations":[{"start":{"line":39,"column":25},"end":{"line":39,"column":45}},{"start":{"line":39,"column":45},"end":{"line":39,"column":null}}],"line":39}},"s":{"0":1,"1":1,"2":2,"3":8,"4":8,"5":22,"6":16,"7":3,"8":3,"9":10,"10":7,"11":1,"12":1,"13":2,"14":2,"15":2,"16":2},"f":{"0":1,"1":2,"2":8,"3":22,"4":16,"5":3,"6":10,"7":7,"8":1,"9":2,"10":2},"b":{"0":[2,1]},"meta":{"lastBranch":1,"lastFunction":11,"lastStatement":17,"seen":{"s:5:47:5:Infinity":0,"f:7:4:7:Infinity":0,"s:8:25:8:Infinity":1,"f:13:17:13:25":1,"s:14:8:14:Infinity":2,"f:17:17:17:64":2,"s:18:22:18:Infinity":3,"s:19:8:21:Infinity":4,"f:20:20:20:21":3,"s:20:52:20:65":5,"f:21:18:21:19":4,"s:21:78:21:123":6,"f:24:17:24:33":5,"s:25:22:25:Infinity":7,"s:26:8:29:Infinity":8,"f:27:20:27:21":6,"s:27:52:27:68":9,"f:28:20:28:21":7,"s:28:52:28:88":10,"f:32:17:32:36":8,"s:33:22:33:Infinity":11,"s:34:8:34:Infinity":12,"f:34:28:34:29":9,"s:34:60:34:89":13,"f:37:17:37:33":10,"s:38:25:38:Infinity":14,"s:39:25:39:Infinity":15,"b:39:25:39:45:39:45:39:Infinity":0,"s:41:8:41:Infinity":16}}}
,"/Users/bkessels/Git-projects/websites/bartkessels.github.io/src/managers/certificate.manager.ts": {"path":"/Users/bkessels/Git-projects/websites/bartkessels.github.io/src/managers/certificate.manager.ts","statementMap":{"0":{"start":{"line":6,"column":25},"end":{"line":6,"column":null}},"1":{"start":{"line":12,"column":29},"end":{"line":12,"column":null}},"2":{"start":{"line":13,"column":20},"end":{"line":13,"column":null}},"3":{"start":{"line":15,"column":8},"end":{"line":24,"column":null}},"4":{"start":{"line":16,"column":29},"end":{"line":16,"column":null}},"5":{"start":{"line":17,"column":29},"end":{"line":17,"column":null}},"6":{"start":{"line":19,"column":12},"end":{"line":21,"column":null}},"7":{"start":{"line":20,"column":16},"end":{"line":20,"column":null}},"8":{"start":{"line":23,"column":12},"end":{"line":23,"column":null}}},"fnMap":{"0":{"name":"(anonymous_0)","decl":{"start":{"line":5,"column":4},"end":{"line":5,"column":null}},"loc":{"start":{"line":7,"column":6},"end":{"line":9,"column":null}},"line":7},"1":{"name":"(anonymous_1)","decl":{"start":{"line":11,"column":17},"end":{"line":11,"column":79}},"loc":{"start":{"line":11,"column":79},"end":{"line":25,"column":null}},"line":11},"2":{"name":"(anonymous_2)","decl":{"start":{"line":15,"column":33},"end":{"line":15,"column":34}},"loc":{"start":{"line":15,"column":109},"end":{"line":24,"column":9}},"line":15}},"branchMap":{"0":{"loc":{"start":{"line":16,"column":29},"end":{"line":16,"column":null}},"type":"binary-expr","locations":[{"start":{"line":16,"column":29},"end":{"line":16,"column":64}},{"start":{"line":16,"column":64},"end":{"line":16,"column":null}}],"line":16},"1":{"loc":{"start":{"line":17,"column":29},"end":{"line":17,"column":null}},"type":"binary-expr","locations":[{"start":{"line":17,"column":29},"end":{"line":17,"column":64}},{"start":{"line":17,"column":64},"end":{"line":17,"column":null}}],"line":17},"2":{"loc":{"start":{"line":19,"column":12},"end":{"line":21,"column":null}},"type":"if","locations":[{"start":{"line":19,"column":12},"end":{"line":21,"column":null}},{"start":{},"end":{}}],"line":19},"3":{"loc":{"start":{"line":20,"column":23},"end":{"line":20,"column":null}},"type":"cond-expr","locations":[{"start":{"line":20,"column":34},"end":{"line":20,"column":38}},{"start":{"line":20,"column":38},"end":{"line":20,"column":null}}],"line":20}},"s":{"0":1,"1":3,"2":3,"3":3,"4":4,"5":4,"6":4,"7":2,"8":2},"f":{"0":1,"1":3,"2":4},"b":{"0":[4,0],"1":[4,2],"2":[2,2],"3":[0,2]},"meta":{"lastBranch":4,"lastFunction":3,"lastStatement":9,"seen":{"f:5:4:5:Infinity":0,"s:6:25:6:Infinity":0,"f:11:17:11:79":1,"s:12:29:12:Infinity":1,"s:13:20:13:Infinity":2,"s:15:8:24:Infinity":3,"f:15:33:15:34":2,"s:16:29:16:Infinity":4,"b:16:29:16:64:16:64:16:Infinity":0,"s:17:29:17:Infinity":5,"b:17:29:17:64:17:64:17:Infinity":1,"b:19:12:21:Infinity:undefined:undefined:undefined:undefined":2,"s:19:12:21:Infinity":6,"s:20:16:20:Infinity":7,"b:20:34:20:38:20:38:20:Infinity":3,"s:23:12:23:Infinity":8}}}
,"/Users/bkessels/Git-projects/websites/bartkessels.github.io/src/managers/gardening.manager.ts": {"path":"/Users/bkessels/Git-projects/websites/bartkessels.github.io/src/managers/gardening.manager.ts","statementMap":{"0":{"start":{"line":7,"column":25},"end":{"line":7,"column":null}},"1":{"start":{"line":8,"column":25},"end":{"line":8,"column":null}},"2":{"start":{"line":14,"column":25},"end":{"line":14,"column":null}},"3":{"start":{"line":16,"column":8},"end":{"line":18,"column":null}},"4":{"start":{"line":17,"column":12},"end":{"line":17,"column":null}},"5":{"start":{"line":22,"column":25},"end":{"line":22,"column":null}},"6":{"start":{"line":23,"column":30},"end":{"line":25,"column":null}},"7":{"start":{"line":24,"column":12},"end":{"line":24,"column":null}},"8":{"start":{"line":27,"column":8},"end":{"line":31,"column":null}},"9":{"start":{"line":28,"column":12},"end":{"line":28,"column":null}},"10":{"start":{"line":29,"column":8},"end":{"line":31,"column":null}},"11":{"start":{"line":30,"column":12},"end":{"line":30,"column":null}},"12":{"start":{"line":33,"column":8},"end":{"line":33,"column":null}},"13":{"start":{"line":37,"column":24},"end":{"line":37,"column":null}},"14":{"start":{"line":38,"column":30},"end":{"line":41,"column":null}},"15":{"start":{"line":40,"column":16},"end":{"line":40,"column":null}},"16":{"start":{"line":43,"column":8},"end":{"line":43,"column":null}},"17":{"start":{"line":47,"column":23},"end":{"line":47,"column":null}},"18":{"start":{"line":48,"column":29},"end":{"line":51,"column":null}},"19":{"start":{"line":50,"column":16},"end":{"line":50,"column":null}},"20":{"start":{"line":53,"column":8},"end":{"line":53,"column":null}},"21":{"start":{"line":57,"column":24},"end":{"line":57,"column":null}},"22":{"start":{"line":59,"column":8},"end":{"line":62,"column":null}},"23":{"start":{"line":61,"column":16},"end":{"line":61,"column":null}},"24":{"start":{"line":66,"column":23},"end":{"line":66,"column":null}},"25":{"start":{"line":67,"column":27},"end":{"line":67,"column":null}},"26":{"start":{"line":69,"column":8},"end":{"line":71,"column":null}},"27":{"start":{"line":70,"column":64},"end":{"line":70,"column":97}},"28":{"start":{"line":71,"column":102},"end":{"line":71,"column":140}}},"fnMap":{"0":{"name":"(anonymous_0)","decl":{"start":{"line":6,"column":4},"end":{"line":6,"column":null}},"loc":{"start":{"line":9,"column":6},"end":{"line":11,"column":null}},"line":9},"1":{"name":"(anonymous_1)","decl":{"start":{"line":13,"column":17},"end":{"line":13,"column":81}},"loc":{"start":{"line":13,"column":81},"end":{"line":19,"column":null}},"line":13},"2":{"name":"(anonymous_2)","decl":{"start":{"line":16,"column":29},"end":{"line":16,"column":30}},"loc":{"start":{"line":17,"column":12},"end":{"line":17,"column":null}},"line":17},"3":{"name":"(anonymous_3)","decl":{"start":{"line":21,"column":17},"end":{"line":21,"column":25}},"loc":{"start":{"line":21,"column":87},"end":{"line":34,"column":null}},"line":21},"4":{"name":"(anonymous_4)","decl":{"start":{"line":23,"column":46},"end":{"line":23,"column":47}},"loc":{"start":{"line":24,"column":12},"end":{"line":24,"column":null}},"line":24},"5":{"name":"(anonymous_5)","decl":{"start":{"line":36,"column":17},"end":{"line":36,"column":89}},"loc":{"start":{"line":36,"column":89},"end":{"line":44,"column":null}},"line":36},"6":{"name":"(anonymous_6)","decl":{"start":{"line":39,"column":19},"end":{"line":39,"column":20}},"loc":{"start":{"line":40,"column":16},"end":{"line":40,"column":null}},"line":40},"7":{"name":"(anonymous_7)","decl":{"start":{"line":46,"column":17},"end":{"line":46,"column":80}},"loc":{"start":{"line":46,"column":80},"end":{"line":54,"column":null}},"line":46},"8":{"name":"(anonymous_8)","decl":{"start":{"line":49,"column":19},"end":{"line":49,"column":20}},"loc":{"start":{"line":50,"column":16},"end":{"line":50,"column":null}},"line":50},"9":{"name":"(anonymous_9)","decl":{"start":{"line":56,"column":17},"end":{"line":56,"column":42}},"loc":{"start":{"line":56,"column":136},"end":{"line":63,"column":null}},"line":56},"10":{"name":"(anonymous_10)","decl":{"start":{"line":60,"column":20},"end":{"line":60,"column":21}},"loc":{"start":{"line":61,"column":16},"end":{"line":61,"column":null}},"line":61},"11":{"name":"(anonymous_11)","decl":{"start":{"line":65,"column":17},"end":{"line":65,"column":34}},"loc":{"start":{"line":65,"column":127},"end":{"line":72,"column":null}},"line":65},"12":{"name":"(anonymous_12)","decl":{"start":{"line":70,"column":20},"end":{"line":70,"column":21}},"loc":{"start":{"line":70,"column":64},"end":{"line":70,"column":97}},"line":70},"13":{"name":"(anonymous_13)","decl":{"start":{"line":71,"column":18},"end":{"line":71,"column":19}},"loc":{"start":{"line":71,"column":102},"end":{"line":71,"column":140}},"line":71}},"branchMap":{"0":{"loc":{"start":{"line":27,"column":8},"end":{"line":31,"column":null}},"type":"if","locations":[{"start":{"line":27,"column":8},"end":{"line":31,"column":null}},{"start":{"line":29,"column":8},"end":{"line":31,"column":null}}],"line":27},"1":{"loc":{"start":{"line":29,"column":8},"end":{"line":31,"column":null}},"type":"if","locations":[{"start":{"line":29,"column":8},"end":{"line":31,"column":null}},{"start":{},"end":{}}],"line":29},"2":{"loc":{"start":{"line":43,"column":15},"end":{"line":43,"column":null}},"type":"binary-expr","locations":[{"start":{"line":43,"column":15},"end":{"line":43,"column":32}},{"start":{"line":43,"column":32},"end":{"line":43,"column":null}}],"line":43},"3":{"loc":{"start":{"line":53,"column":15},"end":{"line":53,"column":null}},"type":"binary-expr","locations":[{"start":{"line":53,"column":15},"end":{"line":53,"column":31}},{"start":{"line":53,"column":31},"end":{"line":53,"column":null}}],"line":53}},"s":{"0":1,"1":1,"2":5,"3":5,"4":3,"5":3,"6":3,"7":4,"8":3,"9":1,"10":2,"11":1,"12":1,"13":6,"14":6,"15":4,"16":6,"17":6,"18":6,"19":3,"20":6,"21":3,"22":3,"23":3,"24":3,"25":3,"26":3,"27":3,"28":1},"f":{"0":1,"1":5,"2":3,"3":3,"4":4,"5":6,"6":4,"7":6,"8":3,"9":3,"10":3,"11":3,"12":3,"13":1},"b":{"0":[1,2],"1":[1,1],"2":[6,4],"3":[6,4]},"meta":{"lastBranch":4,"lastFunction":14,"lastStatement":29,"seen":{"f:6:4:6:Infinity":0,"s:7:25:7:Infinity":0,"s:8:25:8:Infinity":1,"f:13:17:13:81":1,"s:14:25:14:Infinity":2,"s:16:8:18:Infinity":3,"f:16:29:16:30":2,"s:17:12:17:Infinity":4,"f:21:17:21:25":3,"s:22:25:22:Infinity":5,"s:23:30:25:Infinity":6,"f:23:46:23:47":4,"s:24:12:24:Infinity":7,"b:27:8:31:Infinity:29:8:31:Infinity":0,"s:27:8:31:Infinity":8,"s:28:12:28:Infinity":9,"b:29:8:31:Infinity:undefined:undefined:undefined:undefined":1,"s:29:8:31:Infinity":10,"s:30:12:30:Infinity":11,"s:33:8:33:Infinity":12,"f:36:17:36:89":5,"s:37:24:37:Infinity":13,"s:38:30:41:Infinity":14,"f:39:19:39:20":6,"s:40:16:40:Infinity":15,"s:43:8:43:Infinity":16,"b:43:15:43:32:43:32:43:Infinity":2,"f:46:17:46:80":7,"s:47:23:47:Infinity":17,"s:48:29:51:Infinity":18,"f:49:19:49:20":8,"s:50:16:50:Infinity":19,"s:53:8:53:Infinity":20,"b:53:15:53:31:53:31:53:Infinity":3,"f:56:17:56:42":9,"s:57:24:57:Infinity":21,"s:59:8:62:Infinity":22,"f:60:20:60:21":10,"s:61:16:61:Infinity":23,"f:65:17:65:34":11,"s:66:23:66:Infinity":24,"s:67:27:67:Infinity":25,"s:69:8:71:Infinity":26,"f:70:20:70:21":12,"s:70:64:70:97":27,"f:71:18:71:19":13,"s:71:102:71:140":28}}}
,"/Users/bkessels/Git-projects/websites/bartkessels.github.io/src/managers/gpx.manager.ts": {"path":"/Users/bkessels/Git-projects/websites/bartkessels.github.io/src/managers/gpx.manager.ts","statementMap":{"0":{"start":{"line":9,"column":46},"end":{"line":9,"column":null}},"1":{"start":{"line":12,"column":25},"end":{"line":12,"column":null}},"2":{"start":{"line":16,"column":24},"end":{"line":16,"column":null}},"3":{"start":{"line":17,"column":23},"end":{"line":17,"column":null}},"4":{"start":{"line":19,"column":8},"end":{"line":19,"column":null}},"5":{"start":{"line":19,"column":31},"end":{"line":19,"column":null}},"6":{"start":{"line":21,"column":20},"end":{"line":21,"column":null}},"7":{"start":{"line":23,"column":8},"end":{"line":25,"column":null}},"8":{"start":{"line":23,"column":21},"end":{"line":23,"column":24}},"9":{"start":{"line":24,"column":12},"end":{"line":24,"column":null}},"10":{"start":{"line":27,"column":14},"end":{"line":27,"column":null}},"11":{"start":{"line":29,"column":8},"end":{"line":32,"column":null}},"12":{"start":{"line":36,"column":24},"end":{"line":36,"column":null}},"13":{"start":{"line":37,"column":27},"end":{"line":37,"column":null}},"14":{"start":{"line":39,"column":8},"end":{"line":39,"column":null}},"15":{"start":{"line":39,"column":37},"end":{"line":39,"column":null}},"16":{"start":{"line":41,"column":26},"end":{"line":41,"column":null}},"17":{"start":{"line":42,"column":27},"end":{"line":42,"column":null}},"18":{"start":{"line":44,"column":8},"end":{"line":48,"column":null}},"19":{"start":{"line":44,"column":21},"end":{"line":44,"column":24}},"20":{"start":{"line":45,"column":26},"end":{"line":45,"column":null}},"21":{"start":{"line":46,"column":12},"end":{"line":47,"column":null}},"22":{"start":{"line":46,"column":27},"end":{"line":46,"column":null}},"23":{"start":{"line":47,"column":17},"end":{"line":47,"column":null}},"24":{"start":{"line":50,"column":8},"end":{"line":58,"column":null}},"25":{"start":{"line":62,"column":24},"end":{"line":62,"column":null}},"26":{"start":{"line":63,"column":8},"end":{"line":63,"column":null}},"27":{"start":{"line":63,"column":32},"end":{"line":63,"column":48}},"28":{"start":{"line":67,"column":34},"end":{"line":67,"column":null}},"29":{"start":{"line":68,"column":24},"end":{"line":68,"column":null}},"30":{"start":{"line":69,"column":8},"end":{"line":69,"column":null}},"31":{"start":{"line":69,"column":33},"end":{"line":69,"column":82}},"32":{"start":{"line":73,"column":21},"end":{"line":73,"column":null}},"33":{"start":{"line":74,"column":21},"end":{"line":74,"column":null}},"34":{"start":{"line":75,"column":27},"end":{"line":75,"column":null}},"35":{"start":{"line":76,"column":27},"end":{"line":76,"column":null}},"36":{"start":{"line":79,"column":12},"end":{"line":82,"column":null}},"37":{"start":{"line":83,"column":29},"end":{"line":83,"column":null}},"38":{"start":{"line":85,"column":8},"end":{"line":85,"column":null}},"39":{"start":{"line":89,"column":8},"end":{"line":89,"column":null}}},"fnMap":{"0":{"name":"(anonymous_0)","decl":{"start":{"line":11,"column":4},"end":{"line":11,"column":null}},"loc":{"start":{"line":13,"column":6},"end":{"line":13,"column":null}},"line":13},"1":{"name":"(anonymous_1)","decl":{"start":{"line":15,"column":17},"end":{"line":15,"column":34}},"loc":{"start":{"line":15,"column":74},"end":{"line":33,"column":null}},"line":15},"2":{"name":"(anonymous_2)","decl":{"start":{"line":35,"column":17},"end":{"line":35,"column":31}},"loc":{"start":{"line":35,"column":84},"end":{"line":59,"column":null}},"line":35},"3":{"name":"(anonymous_3)","decl":{"start":{"line":61,"column":12},"end":{"line":61,"column":30}},"loc":{"start":{"line":61,"column":57},"end":{"line":64,"column":null}},"line":61},"4":{"name":"(anonymous_4)","decl":{"start":{"line":63,"column":27},"end":{"line":63,"column":32}},"loc":{"start":{"line":63,"column":32},"end":{"line":63,"column":48}},"line":63},"5":{"name":"(anonymous_5)","decl":{"start":{"line":66,"column":12},"end":{"line":66,"column":31}},"loc":{"start":{"line":66,"column":62},"end":{"line":70,"column":null}},"line":66},"6":{"name":"(anonymous_6)","decl":{"start":{"line":69,"column":27},"end":{"line":69,"column":33}},"loc":{"start":{"line":69,"column":33},"end":{"line":69,"column":82}},"line":69},"7":{"name":"(anonymous_7)","decl":{"start":{"line":72,"column":12},"end":{"line":72,"column":32}},"loc":{"start":{"line":72,"column":76},"end":{"line":86,"column":null}},"line":72},"8":{"name":"(anonymous_8)","decl":{"start":{"line":88,"column":12},"end":{"line":88,"column":22}},"loc":{"start":{"line":88,"column":47},"end":{"line":90,"column":null}},"line":88}},"branchMap":{"0":{"loc":{"start":{"line":19,"column":8},"end":{"line":19,"column":null}},"type":"if","locations":[{"start":{"line":19,"column":8},"end":{"line":19,"column":null}},{"start":{},"end":{}}],"line":19},"1":{"loc":{"start":{"line":39,"column":8},"end":{"line":39,"column":null}},"type":"if","locations":[{"start":{"line":39,"column":8},"end":{"line":39,"column":null}},{"start":{},"end":{}}],"line":39},"2":{"loc":{"start":{"line":46,"column":12},"end":{"line":47,"column":null}},"type":"if","locations":[{"start":{"line":46,"column":12},"end":{"line":47,"column":null}},{"start":{"line":47,"column":17},"end":{"line":47,"column":null}}],"line":46}},"s":{"0":1,"1":1,"2":3,"3":3,"4":3,"5":1,"6":2,"7":2,"8":2,"9":2,"10":2,"11":2,"12":3,"13":3,"14":3,"15":1,"16":2,"17":2,"18":2,"19":2,"20":6,"21":6,"22":4,"23":2,"24":2,"25":3,"26":3,"27":8,"28":3,"29":3,"30":3,"31":4,"32":2,"33":2,"34":2,"35":2,"36":2,"37":2,"38":2,"39":8},"f":{"0":1,"1":3,"2":3,"3":3,"4":8,"5":3,"6":4,"7":2,"8":8},"b":{"0":[1,2],"1":[1,2],"2":[4,2]},"meta":{"lastBranch":3,"lastFunction":9,"lastStatement":40,"seen":{"s:9:46:9:Infinity":0,"f:11:4:11:Infinity":0,"s:12:25:12:Infinity":1,"f:15:17:15:34":1,"s:16:24:16:Infinity":2,"s:17:23:17:Infinity":3,"b:19:8:19:Infinity:undefined:undefined:undefined:undefined":0,"s:19:8:19:Infinity":4,"s:19:31:19:Infinity":5,"s:21:20:21:Infinity":6,"s:23:8:25:Infinity":7,"s:23:21:23:24":8,"s:24:12:24:Infinity":9,"s:27:14:27:Infinity":10,"s:29:8:32:Infinity":11,"f:35:17:35:31":2,"s:36:24:36:Infinity":12,"s:37:27:37:Infinity":13,"b:39:8:39:Infinity:undefined:undefined:undefined:undefined":1,"s:39:8:39:Infinity":14,"s:39:37:39:Infinity":15,"s:41:26:41:Infinity":16,"s:42:27:42:Infinity":17,"s:44:8:48:Infinity":18,"s:44:21:44:24":19,"s:45:26:45:Infinity":20,"b:46:12:47:Infinity:47:17:47:Infinity":2,"s:46:12:47:Infinity":21,"s:46:27:46:Infinity":22,"s:47:17:47:Infinity":23,"s:50:8:58:Infinity":24,"f:61:12:61:30":3,"s:62:24:62:Infinity":25,"s:63:8:63:Infinity":26,"f:63:27:63:32":4,"s:63:32:63:48":27,"f:66:12:66:31":5,"s:67:34:67:Infinity":28,"s:68:24:68:Infinity":29,"s:69:8:69:Infinity":30,"f:69:27:69:33":6,"s:69:33:69:82":31,"f:72:12:72:32":7,"s:73:21:73:Infinity":32,"s:74:21:74:Infinity":33,"s:75:27:75:Infinity":34,"s:76:27:76:Infinity":35,"s:79:12:82:Infinity":36,"s:83:29:83:Infinity":37,"s:85:8:85:Infinity":38,"f:88:12:88:22":8,"s:89:8:89:Infinity":39}}}
,"/Users/bkessels/Git-projects/websites/bartkessels.github.io/src/managers/page.manager.ts": {"path":"/Users/bkessels/Git-projects/websites/bartkessels.github.io/src/managers/page.manager.ts","statementMap":{"0":{"start":{"line":5,"column":41},"end":{"line":5,"column":null}},"1":{"start":{"line":6,"column":47},"end":{"line":6,"column":null}},"2":{"start":{"line":7,"column":40},"end":{"line":7,"column":null}},"3":{"start":{"line":8,"column":45},"end":{"line":8,"column":null}},"4":{"start":{"line":9,"column":40},"end":{"line":9,"column":null}},"5":{"start":{"line":10,"column":44},"end":{"line":10,"column":null}},"6":{"start":{"line":11,"column":43},"end":{"line":11,"column":null}},"7":{"start":{"line":14,"column":25},"end":{"line":14,"column":null}},"8":{"start":{"line":20,"column":8},"end":{"line":20,"column":null}},"9":{"start":{"line":24,"column":8},"end":{"line":24,"column":null}},"10":{"start":{"line":28,"column":8},"end":{"line":28,"column":null}},"11":{"start":{"line":32,"column":8},"end":{"line":32,"column":null}},"12":{"start":{"line":36,"column":8},"end":{"line":36,"column":null}},"13":{"start":{"line":40,"column":8},"end":{"line":40,"column":null}},"14":{"start":{"line":44,"column":8},"end":{"line":44,"column":null}},"15":{"start":{"line":48,"column":8},"end":{"line":48,"column":null}}},"fnMap":{"0":{"name":"(anonymous_0)","decl":{"start":{"line":13,"column":4},"end":{"line":13,"column":null}},"loc":{"start":{"line":15,"column":6},"end":{"line":17,"column":null}},"line":15},"1":{"name":"(anonymous_1)","decl":{"start":{"line":19,"column":11},"end":{"line":19,"column":61}},"loc":{"start":{"line":19,"column":61},"end":{"line":21,"column":null}},"line":19},"2":{"name":"(anonymous_2)","decl":{"start":{"line":23,"column":11},"end":{"line":23,"column":67}},"loc":{"start":{"line":23,"column":67},"end":{"line":25,"column":null}},"line":23},"3":{"name":"(anonymous_3)","decl":{"start":{"line":27,"column":11},"end":{"line":27,"column":60}},"loc":{"start":{"line":27,"column":60},"end":{"line":29,"column":null}},"line":27},"4":{"name":"(anonymous_4)","decl":{"start":{"line":31,"column":11},"end":{"line":31,"column":65}},"loc":{"start":{"line":31,"column":65},"end":{"line":33,"column":null}},"line":31},"5":{"name":"(anonymous_5)","decl":{"start":{"line":35,"column":11},"end":{"line":35,"column":60}},"loc":{"start":{"line":35,"column":60},"end":{"line":37,"column":null}},"line":35},"6":{"name":"(anonymous_6)","decl":{"start":{"line":39,"column":11},"end":{"line":39,"column":64}},"loc":{"start":{"line":39,"column":64},"end":{"line":41,"column":null}},"line":39},"7":{"name":"(anonymous_7)","decl":{"start":{"line":43,"column":11},"end":{"line":43,"column":63}},"loc":{"start":{"line":43,"column":63},"end":{"line":45,"column":null}},"line":43},"8":{"name":"(anonymous_8)","decl":{"start":{"line":47,"column":11},"end":{"line":47,"column":59}},"loc":{"start":{"line":47,"column":59},"end":{"line":49,"column":null}},"line":47}},"branchMap":{},"s":{"0":1,"1":1,"2":1,"3":1,"4":1,"5":1,"6":1,"7":1,"8":1,"9":1,"10":1,"11":1,"12":1,"13":1,"14":1,"15":2},"f":{"0":1,"1":1,"2":1,"3":1,"4":1,"5":1,"6":1,"7":1,"8":2},"b":{},"meta":{"lastBranch":0,"lastFunction":9,"lastStatement":16,"seen":{"s:5:41:5:Infinity":0,"s:6:47:6:Infinity":1,"s:7:40:7:Infinity":2,"s:8:45:8:Infinity":3,"s:9:40:9:Infinity":4,"s:10:44:10:Infinity":5,"s:11:43:11:Infinity":6,"f:13:4:13:Infinity":0,"s:14:25:14:Infinity":7,"f:19:11:19:61":1,"s:20:8:20:Infinity":8,"f:23:11:23:67":2,"s:24:8:24:Infinity":9,"f:27:11:27:60":3,"s:28:8:28:Infinity":10,"f:31:11:31:65":4,"s:32:8:32:Infinity":11,"f:35:11:35:60":5,"s:36:8:36:Infinity":12,"f:39:11:39:64":6,"s:40:8:40:Infinity":13,"f:43:11:43:63":7,"s:44:8:44:Infinity":14,"f:47:11:47:59":8,"s:48:8:48:Infinity":15}}}
,"/Users/bkessels/Git-projects/websites/bartkessels.github.io/src/managers/software.manager.ts": {"path":"/Users/bkessels/Git-projects/websites/bartkessels.github.io/src/managers/software.manager.ts","statementMap":{"0":{"start":{"line":6,"column":25},"end":{"line":6,"column":null}},"1":{"start":{"line":12,"column":25},"end":{"line":12,"column":null}},"2":{"start":{"line":14,"column":8},"end":{"line":16,"column":null}},"3":{"start":{"line":15,"column":56},"end":{"line":15,"column":69}},"4":{"start":{"line":16,"column":86},"end":{"line":16,"column":124}},"5":{"start":{"line":20,"column":25},"end":{"line":20,"column":null}},"6":{"start":{"line":21,"column":33},"end":{"line":21,"column":null}},"7":{"start":{"line":21,"column":85},"end":{"line":21,"column":100}},"8":{"start":{"line":22,"column":28},"end":{"line":22,"column":null}},"9":{"start":{"line":24,"column":8},"end":{"line":24,"column":null}}},"fnMap":{"0":{"name":"(anonymous_0)","decl":{"start":{"line":5,"column":4},"end":{"line":5,"column":null}},"loc":{"start":{"line":7,"column":6},"end":{"line":9,"column":null}},"line":7},"1":{"name":"(anonymous_1)","decl":{"start":{"line":11,"column":17},"end":{"line":11,"column":71}},"loc":{"start":{"line":11,"column":71},"end":{"line":17,"column":null}},"line":11},"2":{"name":"(anonymous_2)","decl":{"start":{"line":15,"column":20},"end":{"line":15,"column":21}},"loc":{"start":{"line":15,"column":56},"end":{"line":15,"column":69}},"line":15},"3":{"name":"(anonymous_3)","decl":{"start":{"line":16,"column":18},"end":{"line":16,"column":19}},"loc":{"start":{"line":16,"column":86},"end":{"line":16,"column":124}},"line":16},"4":{"name":"(anonymous_4)","decl":{"start":{"line":19,"column":17},"end":{"line":19,"column":37}},"loc":{"start":{"line":19,"column":107},"end":{"line":25,"column":null}},"line":19},"5":{"name":"(anonymous_5)","decl":{"start":{"line":21,"column":49},"end":{"line":21,"column":50}},"loc":{"start":{"line":21,"column":85},"end":{"line":21,"column":100}},"line":21}},"branchMap":{"0":{"loc":{"start":{"line":22,"column":28},"end":{"line":22,"column":null}},"type":"binary-expr","locations":[{"start":{"line":22,"column":28},"end":{"line":22,"column":51}},{"start":{"line":22,"column":51},"end":{"line":22,"column":null}}],"line":22}},"s":{"0":1,"1":7,"2":7,"3":15,"4":10,"5":4,"6":4,"7":8,"8":4,"9":4},"f":{"0":1,"1":7,"2":15,"3":10,"4":4,"5":8},"b":{"0":[4,4]},"meta":{"lastBranch":1,"lastFunction":6,"lastStatement":10,"seen":{"f:5:4:5:Infinity":0,"s:6:25:6:Infinity":0,"f:11:17:11:71":1,"s:12:25:12:Infinity":1,"s:14:8:16:Infinity":2,"f:15:20:15:21":2,"s:15:56:15:69":3,"f:16:18:16:19":3,"s:16:86:16:124":4,"f:19:17:19:37":4,"s:20:25:20:Infinity":5,"s:21:33:21:Infinity":6,"f:21:49:21:50":5,"s:21:85:21:100":7,"s:22:28:22:Infinity":8,"b:22:28:22:51:22:51:22:Infinity":0,"s:24:8:24:Infinity":9}}}
,"/Users/bkessels/Git-projects/websites/bartkessels.github.io/src/utils/content.ts": {"path":"/Users/bkessels/Git-projects/websites/bartkessels.github.io/src/utils/content.ts","statementMap":{"0":{"start":{"line":3,"column":4},"end":{"line":5,"column":null}},"1":{"start":{"line":4,"column":8},"end":{"line":4,"column":null}},"2":{"start":{"line":7,"column":4},"end":{"line":7,"column":null}},"3":{"start":{"line":12,"column":4},"end":{"line":12,"column":null}},"4":{"start":{"line":17,"column":4},"end":{"line":17,"column":null}},"5":{"start":{"line":22,"column":4},"end":{"line":22,"column":null}},"6":{"start":{"line":30,"column":4},"end":{"line":30,"column":null}},"7":{"start":{"line":30,"column":23},"end":{"line":30,"column":null}},"8":{"start":{"line":31,"column":4},"end":{"line":31,"column":null}},"9":{"start":{"line":31,"column":30},"end":{"line":31,"column":null}},"10":{"start":{"line":32,"column":4},"end":{"line":32,"column":null}},"11":{"start":{"line":37,"column":4},"end":{"line":37,"column":null}}},"fnMap":{"0":{"name":"getReadingTime","decl":{"start":{"line":2,"column":16},"end":{"line":2,"column":31}},"loc":{"start":{"line":2,"column":54},"end":{"line":8,"column":null}},"line":2},"1":{"name":"notUnderscored","decl":{"start":{"line":11,"column":16},"end":{"line":11,"column":31}},"loc":{"start":{"line":11,"column":77},"end":{"line":13,"column":null}},"line":11},"2":{"name":"formatDate","decl":{"start":{"line":16,"column":16},"end":{"line":16,"column":27}},"loc":{"start":{"line":16,"column":47},"end":{"line":18,"column":null}},"line":16},"3":{"name":"formatShortDate","decl":{"start":{"line":21,"column":16},"end":{"line":21,"column":32}},"loc":{"start":{"line":21,"column":52},"end":{"line":23,"column":null}},"line":21},"4":{"name":"getSectionLabel","decl":{"start":{"line":29,"column":16},"end":{"line":29,"column":32}},"loc":{"start":{"line":29,"column":95},"end":{"line":33,"column":null}},"line":29},"5":{"name":"getSectionOrderLabel","decl":{"start":{"line":36,"column":16},"end":{"line":36,"column":37}},"loc":{"start":{"line":36,"column":91},"end":{"line":38,"column":null}},"line":36}},"branchMap":{"0":{"loc":{"start":{"line":3,"column":4},"end":{"line":5,"column":null}},"type":"if","locations":[{"start":{"line":3,"column":4},"end":{"line":5,"column":null}},{"start":{},"end":{}}],"line":3},"1":{"loc":{"start":{"line":30,"column":4},"end":{"line":30,"column":null}},"type":"if","locations":[{"start":{"line":30,"column":4},"end":{"line":30,"column":null}},{"start":{},"end":{}}],"line":30},"2":{"loc":{"start":{"line":31,"column":4},"end":{"line":31,"column":null}},"type":"if","locations":[{"start":{"line":31,"column":4},"end":{"line":31,"column":null}},{"start":{},"end":{}}],"line":31},"3":{"loc":{"start":{"line":32,"column":32},"end":{"line":32,"column":77}},"type":"cond-expr","locations":[{"start":{"line":32,"column":55},"end":{"line":32,"column":67}},{"start":{"line":32,"column":67},"end":{"line":32,"column":77}}],"line":32},"4":{"loc":{"start":{"line":37,"column":11},"end":{"line":37,"column":null}},"type":"cond-expr","locations":[{"start":{"line":37,"column":27},"end":{"line":37,"column":75}},{"start":{"line":37,"column":75},"end":{"line":37,"column":null}}],"line":37}},"s":{"0":5,"1":2,"2":3,"3":5,"4":33,"5":8,"6":5,"7":2,"8":3,"9":1,"10":2,"11":3},"f":{"0":5,"1":5,"2":33,"3":8,"4":5,"5":3},"b":{"0":[2,3],"1":[2,3],"2":[1,2],"3":[1,1],"4":[2,1]},"meta":{"lastBranch":5,"lastFunction":6,"lastStatement":12,"seen":{"f:2:16:2:31":0,"b:3:4:5:Infinity:undefined:undefined:undefined:undefined":0,"s:3:4:5:Infinity":0,"s:4:8:4:Infinity":1,"s:7:4:7:Infinity":2,"f:11:16:11:31":1,"s:12:4:12:Infinity":3,"f:16:16:16:27":2,"s:17:4:17:Infinity":4,"f:21:16:21:32":3,"s:22:4:22:Infinity":5,"f:29:16:29:32":4,"b:30:4:30:Infinity:undefined:undefined:undefined:undefined":1,"s:30:4:30:Infinity":6,"s:30:23:30:Infinity":7,"b:31:4:31:Infinity:undefined:undefined:undefined:undefined":2,"s:31:4:31:Infinity":8,"s:31:30:31:Infinity":9,"s:32:4:32:Infinity":10,"b:32:55:32:67:32:67:32:77":3,"f:36:16:36:37":5,"s:37:4:37:Infinity":11,"b:37:27:37:75:37:75:37:Infinity":4}}}
,"/Users/bkessels/Git-projects/websites/bartkessels.github.io/src/utils/conversions.ts": {"path":"/Users/bkessels/Git-projects/websites/bartkessels.github.io/src/utils/conversions.ts","statementMap":{"0":{"start":{"line":3,"column":4},"end":{"line":3,"column":null}},"1":{"start":{"line":8,"column":4},"end":{"line":8,"column":null}}},"fnMap":{"0":{"name":"kmToMiles","decl":{"start":{"line":2,"column":16},"end":{"line":2,"column":26}},"loc":{"start":{"line":2,"column":46},"end":{"line":4,"column":null}},"line":2},"1":{"name":"celsiusToFahrenheit","decl":{"start":{"line":7,"column":16},"end":{"line":7,"column":36}},"loc":{"start":{"line":7,"column":55},"end":{"line":9,"column":null}},"line":7}},"branchMap":{},"s":{"0":8,"1":4},"f":{"0":8,"1":4},"b":{},"meta":{"lastBranch":0,"lastFunction":2,"lastStatement":2,"seen":{"f:2:16:2:26":0,"s:3:4:3:Infinity":0,"f:7:16:7:36":1,"s:8:4:8:Infinity":1}}}
,"/Users/bkessels/Git-projects/websites/bartkessels.github.io/src/utils/math.ts": {"path":"/Users/bkessels/Git-projects/websites/bartkessels.github.io/src/utils/math.ts","statementMap":{"0":{"start":{"line":2,"column":19},"end":{"line":2,"column":null}},"1":{"start":{"line":3,"column":4},"end":{"line":3,"column":null}}},"fnMap":{"0":{"name":"roundToDecimalPlaces","decl":{"start":{"line":1,"column":16},"end":{"line":1,"column":37}},"loc":{"start":{"line":1,"column":78},"end":{"line":4,"column":null}},"line":1}},"branchMap":{},"s":{"0":27,"1":27},"f":{"0":27},"b":{},"meta":{"lastBranch":0,"lastFunction":1,"lastStatement":2,"seen":{"f:1:16:1:37":0,"s:2:19:2:Infinity":0,"s:3:4:3:Infinity":1}}}
,"/Users/bkessels/Git-projects/websites/bartkessels.github.io/src/viewModels/about.view-model.ts": {"path":"/Users/bkessels/Git-projects/websites/bartkessels.github.io/src/viewModels/about.view-model.ts","statementMap":{"0":{"start":{"line":8,"column":25},"end":{"line":8,"column":null}},"1":{"start":{"line":9,"column":25},"end":{"line":9,"column":null}},"2":{"start":{"line":15,"column":21},"end":{"line":15,"column":null}},"3":{"start":{"line":16,"column":29},"end":{"line":16,"column":null}},"4":{"start":{"line":17,"column":33},"end":{"line":32,"column":null}},"5":{"start":{"line":18,"column":29},"end":{"line":18,"column":null}},"6":{"start":{"line":19,"column":28},"end":{"line":19,"column":null}},"7":{"start":{"line":21,"column":12},"end":{"line":24,"column":null}},"8":{"start":{"line":22,"column":16},"end":{"line":22,"column":null}},"9":{"start":{"line":23,"column":16},"end":{"line":23,"column":null}},"10":{"start":{"line":26,"column":12},"end":{"line":31,"column":null}},"11":{"start":{"line":34,"column":8},"end":{"line":37,"column":null}}},"fnMap":{"0":{"name":"(anonymous_0)","decl":{"start":{"line":7,"column":4},"end":{"line":7,"column":null}},"loc":{"start":{"line":10,"column":6},"end":{"line":12,"column":null}},"line":10},"1":{"name":"(anonymous_1)","decl":{"start":{"line":14,"column":17},"end":{"line":14,"column":47}},"loc":{"start":{"line":14,"column":47},"end":{"line":38,"column":null}},"line":14},"2":{"name":"(anonymous_2)","decl":{"start":{"line":17,"column":50},"end":{"line":17,"column":51}},"loc":{"start":{"line":17,"column":100},"end":{"line":32,"column":9}},"line":17}},"branchMap":{"0":{"loc":{"start":{"line":21,"column":12},"end":{"line":24,"column":null}},"type":"if","locations":[{"start":{"line":21,"column":12},"end":{"line":24,"column":null}},{"start":{},"end":{}}],"line":21}},"s":{"0":1,"1":1,"2":7,"3":7,"4":7,"5":5,"6":5,"7":5,"8":2,"9":2,"10":5,"11":7},"f":{"0":1,"1":7,"2":5},"b":{"0":[2,3]},"meta":{"lastBranch":1,"lastFunction":3,"lastStatement":12,"seen":{"f:7:4:7:Infinity":0,"s:8:25:8:Infinity":0,"s:9:25:9:Infinity":1,"f:14:17:14:47":1,"s:15:21:15:Infinity":2,"s:16:29:16:Infinity":3,"s:17:33:32:Infinity":4,"f:17:50:17:51":2,"s:18:29:18:Infinity":5,"s:19:28:19:Infinity":6,"b:21:12:24:Infinity:undefined:undefined:undefined:undefined":0,"s:21:12:24:Infinity":7,"s:22:16:22:Infinity":8,"s:23:16:23:Infinity":9,"s:26:12:31:Infinity":10,"s:34:8:37:Infinity":11}}}
,"/Users/bkessels/Git-projects/websites/bartkessels.github.io/src/viewModels/backpacking.view-model.ts": {"path":"/Users/bkessels/Git-projects/websites/bartkessels.github.io/src/viewModels/backpacking.view-model.ts","statementMap":{"0":{"start":{"line":9,"column":25},"end":{"line":9,"column":null}},"1":{"start":{"line":10,"column":25},"end":{"line":10,"column":null}},"2":{"start":{"line":16,"column":21},"end":{"line":16,"column":null}},"3":{"start":{"line":17,"column":23},"end":{"line":17,"column":null}},"4":{"start":{"line":18,"column":22},"end":{"line":18,"column":null}},"5":{"start":{"line":20,"column":8},"end":{"line":24,"column":null}},"6":{"start":{"line":28,"column":23},"end":{"line":28,"column":null}},"7":{"start":{"line":29,"column":36},"end":{"line":29,"column":null}},"8":{"start":{"line":31,"column":8},"end":{"line":41,"column":null}},"9":{"start":{"line":32,"column":29},"end":{"line":32,"column":null}},"10":{"start":{"line":33,"column":18},"end":{"line":33,"column":null}},"11":{"start":{"line":35,"column":12},"end":{"line":40,"column":null}},"12":{"start":{"line":43,"column":8},"end":{"line":43,"column":null}},"13":{"start":{"line":47,"column":23},"end":{"line":47,"column":null}},"14":{"start":{"line":48,"column":38},"end":{"line":48,"column":null}},"15":{"start":{"line":50,"column":8},"end":{"line":67,"column":null}},"16":{"start":{"line":51,"column":29},"end":{"line":51,"column":null}},"17":{"start":{"line":53,"column":12},"end":{"line":66,"column":null}},"18":{"start":{"line":54,"column":22},"end":{"line":54,"column":null}},"19":{"start":{"line":55,"column":40},"end":{"line":55,"column":null}},"20":{"start":{"line":56,"column":36},"end":{"line":56,"column":null}},"21":{"start":{"line":58,"column":16},"end":{"line":65,"column":null}},"22":{"start":{"line":69,"column":8},"end":{"line":69,"column":null}},"23":{"start":{"line":73,"column":22},"end":{"line":73,"column":null}},"24":{"start":{"line":75,"column":8},"end":{"line":78,"column":null}},"25":{"start":{"line":75,"column":74},"end":{"line":78,"column":10}},"26":{"start":{"line":82,"column":23},"end":{"line":82,"column":null}},"27":{"start":{"line":83,"column":22},"end":{"line":83,"column":null}},"28":{"start":{"line":83,"column":79},"end":{"line":83,"column":104}},"29":{"start":{"line":85,"column":8},"end":{"line":93,"column":null}},"30":{"start":{"line":86,"column":34},"end":{"line":87,"column":null}},"31":{"start":{"line":87,"column":70},"end":{"line":87,"column":104}},"32":{"start":{"line":89,"column":12},"end":{"line":92,"column":null}}},"fnMap":{"0":{"name":"(anonymous_0)","decl":{"start":{"line":8,"column":4},"end":{"line":8,"column":null}},"loc":{"start":{"line":11,"column":6},"end":{"line":13,"column":null}},"line":11},"1":{"name":"(anonymous_1)","decl":{"start":{"line":15,"column":17},"end":{"line":15,"column":58}},"loc":{"start":{"line":15,"column":58},"end":{"line":25,"column":null}},"line":15},"2":{"name":"(anonymous_2)","decl":{"start":{"line":27,"column":17},"end":{"line":27,"column":55}},"loc":{"start":{"line":27,"column":55},"end":{"line":44,"column":null}},"line":27},"3":{"name":"(anonymous_3)","decl":{"start":{"line":46,"column":17},"end":{"line":46,"column":59}},"loc":{"start":{"line":46,"column":59},"end":{"line":70,"column":null}},"line":46},"4":{"name":"(anonymous_4)","decl":{"start":{"line":53,"column":29},"end":{"line":53,"column":30}},"loc":{"start":{"line":53,"column":98},"end":{"line":66,"column":13}},"line":53},"5":{"name":"(anonymous_5)","decl":{"start":{"line":72,"column":17},"end":{"line":72,"column":53}},"loc":{"start":{"line":72,"column":53},"end":{"line":79,"column":null}},"line":72},"6":{"name":"(anonymous_6)","decl":{"start":{"line":75,"column":25},"end":{"line":75,"column":26}},"loc":{"start":{"line":75,"column":74},"end":{"line":78,"column":10}},"line":75},"7":{"name":"(anonymous_7)","decl":{"start":{"line":81,"column":18},"end":{"line":81,"column":61}},"loc":{"start":{"line":81,"column":61},"end":{"line":94,"column":null}},"line":81},"8":{"name":"(anonymous_8)","decl":{"start":{"line":83,"column":33},"end":{"line":83,"column":34}},"loc":{"start":{"line":83,"column":79},"end":{"line":83,"column":104}},"line":83},"9":{"name":"(anonymous_9)","decl":{"start":{"line":85,"column":25},"end":{"line":85,"column":26}},"loc":{"start":{"line":85,"column":43},"end":{"line":93,"column":9}},"line":85},"10":{"name":"(anonymous_10)","decl":{"start":{"line":87,"column":24},"end":{"line":87,"column":25}},"loc":{"start":{"line":87,"column":70},"end":{"line":87,"column":104}},"line":87}},"branchMap":{},"s":{"0":1,"1":1,"2":4,"3":4,"4":4,"5":4,"6":3,"7":3,"8":3,"9":2,"10":2,"11":2,"12":3,"13":5,"14":5,"15":5,"16":4,"17":4,"18":6,"19":6,"20":6,"21":6,"22":5,"23":3,"24":3,"25":3,"26":4,"27":4,"28":2,"29":4,"30":2,"31":4,"32":2},"f":{"0":1,"1":4,"2":3,"3":5,"4":6,"5":3,"6":3,"7":4,"8":2,"9":2,"10":4},"b":{},"meta":{"lastBranch":0,"lastFunction":11,"lastStatement":33,"seen":{"f:8:4:8:Infinity":0,"s:9:25:9:Infinity":0,"s:10:25:10:Infinity":1,"f:15:17:15:58":1,"s:16:21:16:Infinity":2,"s:17:23:17:Infinity":3,"s:18:22:18:Infinity":4,"s:20:8:24:Infinity":5,"f:27:17:27:55":2,"s:28:23:28:Infinity":6,"s:29:36:29:Infinity":7,"s:31:8:41:Infinity":8,"s:32:29:32:Infinity":9,"s:33:18:33:Infinity":10,"s:35:12:40:Infinity":11,"s:43:8:43:Infinity":12,"f:46:17:46:59":3,"s:47:23:47:Infinity":13,"s:48:38:48:Infinity":14,"s:50:8:67:Infinity":15,"s:51:29:51:Infinity":16,"s:53:12:66:Infinity":17,"f:53:29:53:30":4,"s:54:22:54:Infinity":18,"s:55:40:55:Infinity":19,"s:56:36:56:Infinity":20,"s:58:16:65:Infinity":21,"s:69:8:69:Infinity":22,"f:72:17:72:53":5,"s:73:22:73:Infinity":23,"s:75:8:78:Infinity":24,"f:75:25:75:26":6,"s:75:74:78:10":25,"f:81:18:81:61":7,"s:82:23:82:Infinity":26,"s:83:22:83:Infinity":27,"f:83:33:83:34":8,"s:83:79:83:104":28,"s:85:8:93:Infinity":29,"f:85:25:85:26":9,"s:86:34:87:Infinity":30,"f:87:24:87:25":10,"s:87:70:87:104":31,"s:89:12:92:Infinity":32}}}
,"/Users/bkessels/Git-projects/websites/bartkessels.github.io/src/viewModels/blog.view-model.ts": {"path":"/Users/bkessels/Git-projects/websites/bartkessels.github.io/src/viewModels/blog.view-model.ts","statementMap":{"0":{"start":{"line":10,"column":44},"end":{"line":10,"column":null}},"1":{"start":{"line":11,"column":42},"end":{"line":11,"column":null}},"2":{"start":{"line":14,"column":25},"end":{"line":14,"column":null}},"3":{"start":{"line":15,"column":25},"end":{"line":15,"column":null}},"4":{"start":{"line":16,"column":25},"end":{"line":16,"column":null}},"5":{"start":{"line":17,"column":25},"end":{"line":17,"column":null}},"6":{"start":{"line":23,"column":21},"end":{"line":23,"column":null}},"7":{"start":{"line":24,"column":25},"end":{"line":24,"column":null}},"8":{"start":{"line":25,"column":32},"end":{"line":25,"column":null}},"9":{"start":{"line":26,"column":22},"end":{"line":26,"column":null}},"10":{"start":{"line":27,"column":52},"end":{"line":27,"column":null}},"11":{"start":{"line":29,"column":8},"end":{"line":32,"column":null}},"12":{"start":{"line":30,"column":28},"end":{"line":30,"column":null}},"13":{"start":{"line":31,"column":12},"end":{"line":31,"column":null}},"14":{"start":{"line":34,"column":8},"end":{"line":40,"column":null}},"15":{"start":{"line":44,"column":27},"end":{"line":44,"column":null}},"16":{"start":{"line":45,"column":21},"end":{"line":45,"column":null}},"17":{"start":{"line":46,"column":25},"end":{"line":46,"column":null}},"18":{"start":{"line":47,"column":46},"end":{"line":47,"column":null}},"19":{"start":{"line":49,"column":8},"end":{"line":59,"column":null}},"20":{"start":{"line":50,"column":26},"end":{"line":50,"column":null}},"21":{"start":{"line":52,"column":12},"end":{"line":58,"column":null}},"22":{"start":{"line":61,"column":8},"end":{"line":61,"column":null}},"23":{"start":{"line":65,"column":22},"end":{"line":65,"column":null}},"24":{"start":{"line":66,"column":21},"end":{"line":66,"column":null}},"25":{"start":{"line":67,"column":25},"end":{"line":67,"column":null}},"26":{"start":{"line":68,"column":35},"end":{"line":68,"column":null}},"27":{"start":{"line":70,"column":8},"end":{"line":88,"column":null}},"28":{"start":{"line":71,"column":29},"end":{"line":71,"column":null}},"29":{"start":{"line":72,"column":33},"end":{"line":72,"column":null}},"30":{"start":{"line":73,"column":26},"end":{"line":73,"column":null}},"31":{"start":{"line":74,"column":33},"end":{"line":74,"column":null}},"32":{"start":{"line":75,"column":29},"end":{"line":75,"column":null}},"33":{"start":{"line":77,"column":12},"end":{"line":87,"column":null}},"34":{"start":{"line":90,"column":8},"end":{"line":90,"column":null}},"35":{"start":{"line":94,"column":8},"end":{"line":96,"column":null}},"36":{"start":{"line":95,"column":12},"end":{"line":95,"column":null}},"37":{"start":{"line":98,"column":29},"end":{"line":98,"column":null}},"38":{"start":{"line":99,"column":31},"end":{"line":99,"column":null}},"39":{"start":{"line":101,"column":8},"end":{"line":103,"column":null}},"40":{"start":{"line":102,"column":12},"end":{"line":102,"column":null}},"41":{"start":{"line":105,"column":8},"end":{"line":105,"column":null}},"42":{"start":{"line":109,"column":8},"end":{"line":111,"column":null}},"43":{"start":{"line":110,"column":12},"end":{"line":110,"column":null}},"44":{"start":{"line":113,"column":29},"end":{"line":113,"column":null}},"45":{"start":{"line":114,"column":27},"end":{"line":114,"column":null}},"46":{"start":{"line":116,"column":8},"end":{"line":118,"column":null}},"47":{"start":{"line":117,"column":12},"end":{"line":117,"column":null}},"48":{"start":{"line":120,"column":8},"end":{"line":120,"column":null}},"49":{"start":{"line":124,"column":25},"end":{"line":124,"column":null}},"50":{"start":{"line":125,"column":8},"end":{"line":125,"column":null}},"51":{"start":{"line":129,"column":8},"end":{"line":132,"column":null}},"52":{"start":{"line":129,"column":70},"end":{"line":132,"column":10}}},"fnMap":{"0":{"name":"(anonymous_0)","decl":{"start":{"line":13,"column":4},"end":{"line":13,"column":null}},"loc":{"start":{"line":18,"column":6},"end":{"line":20,"column":null}},"line":18},"1":{"name":"(anonymous_1)","decl":{"start":{"line":22,"column":17},"end":{"line":22,"column":58}},"loc":{"start":{"line":22,"column":58},"end":{"line":41,"column":null}},"line":22},"2":{"name":"(anonymous_2)","decl":{"start":{"line":43,"column":17},"end":{"line":43,"column":75}},"loc":{"start":{"line":43,"column":75},"end":{"line":62,"column":null}},"line":43},"3":{"name":"(anonymous_3)","decl":{"start":{"line":64,"column":17},"end":{"line":64,"column":53}},"loc":{"start":{"line":64,"column":53},"end":{"line":91,"column":null}},"line":64},"4":{"name":"(anonymous_4)","decl":{"start":{"line":93,"column":18},"end":{"line":93,"column":34}},"loc":{"start":{"line":93,"column":148},"end":{"line":106,"column":null}},"line":93},"5":{"name":"(anonymous_5)","decl":{"start":{"line":108,"column":18},"end":{"line":108,"column":30}},"loc":{"start":{"line":108,"column":144},"end":{"line":121,"column":null}},"line":108},"6":{"name":"(anonymous_6)","decl":{"start":{"line":123,"column":18},"end":{"line":123,"column":62}},"loc":{"start":{"line":123,"column":62},"end":{"line":126,"column":null}},"line":123},"7":{"name":"(anonymous_7)","decl":{"start":{"line":128,"column":12},"end":{"line":128,"column":29}},"loc":{"start":{"line":128,"column":96},"end":{"line":133,"column":null}},"line":128},"8":{"name":"(anonymous_8)","decl":{"start":{"line":129,"column":28},"end":{"line":129,"column":29}},"loc":{"start":{"line":129,"column":70},"end":{"line":132,"column":10}},"line":129}},"branchMap":{"0":{"loc":{"start":{"line":94,"column":8},"end":{"line":96,"column":null}},"type":"if","locations":[{"start":{"line":94,"column":8},"end":{"line":96,"column":null}},{"start":{},"end":{}}],"line":94},"1":{"loc":{"start":{"line":101,"column":8},"end":{"line":103,"column":null}},"type":"if","locations":[{"start":{"line":101,"column":8},"end":{"line":103,"column":null}},{"start":{},"end":{}}],"line":101},"2":{"loc":{"start":{"line":101,"column":12},"end":{"line":101,"column":93}},"type":"binary-expr","locations":[{"start":{"line":101,"column":12},"end":{"line":101,"column":33}},{"start":{"line":101,"column":33},"end":{"line":101,"column":76}},{"start":{"line":101,"column":76},"end":{"line":101,"column":93}}],"line":101},"3":{"loc":{"start":{"line":109,"column":8},"end":{"line":111,"column":null}},"type":"if","locations":[{"start":{"line":109,"column":8},"end":{"line":111,"column":null}},{"start":{},"end":{}}],"line":109},"4":{"loc":{"start":{"line":116,"column":8},"end":{"line":118,"column":null}},"type":"if","locations":[{"start":{"line":116,"column":8},"end":{"line":118,"column":null}},{"start":{},"end":{}}],"line":116},"5":{"loc":{"start":{"line":116,"column":12},"end":{"line":116,"column":88}},"type":"binary-expr","locations":[{"start":{"line":116,"column":12},"end":{"line":116,"column":32}},{"start":{"line":116,"column":32},"end":{"line":116,"column":75}},{"start":{"line":116,"column":75},"end":{"line":116,"column":88}}],"line":116}},"s":{"0":1,"1":1,"2":1,"3":1,"4":1,"5":1,"6":6,"7":6,"8":6,"9":6,"10":6,"11":6,"12":1,"13":1,"14":6,"15":6,"16":6,"17":6,"18":6,"19":6,"20":7,"21":7,"22":6,"23":12,"24":12,"25":12,"26":12,"27":12,"28":12,"29":12,"30":12,"31":12,"32":12,"33":12,"34":12,"35":12,"36":7,"37":5,"38":5,"39":5,"40":3,"41":2,"42":12,"43":7,"44":5,"45":5,"46":5,"47":3,"48":2,"49":18,"50":18,"51":24,"52":20},"f":{"0":1,"1":6,"2":6,"3":12,"4":12,"5":12,"6":18,"7":24,"8":20},"b":{"0":[7,5],"1":[3,2],"2":[5,2,2],"3":[7,5],"4":[3,2],"5":[5,5,5]},"meta":{"lastBranch":6,"lastFunction":9,"lastStatement":53,"seen":{"s:10:44:10:Infinity":0,"s:11:42:11:Infinity":1,"f:13:4:13:Infinity":0,"s:14:25:14:Infinity":2,"s:15:25:15:Infinity":3,"s:16:25:16:Infinity":4,"s:17:25:17:Infinity":5,"f:22:17:22:58":1,"s:23:21:23:Infinity":6,"s:24:25:24:Infinity":7,"s:25:32:25:Infinity":8,"s:26:22:26:Infinity":9,"s:27:52:27:Infinity":10,"s:29:8:32:Infinity":11,"s:30:28:30:Infinity":12,"s:31:12:31:Infinity":13,"s:34:8:40:Infinity":14,"f:43:17:43:75":2,"s:44:27:44:Infinity":15,"s:45:21:45:Infinity":16,"s:46:25:46:Infinity":17,"s:47:46:47:Infinity":18,"s:49:8:59:Infinity":19,"s:50:26:50:Infinity":20,"s:52:12:58:Infinity":21,"s:61:8:61:Infinity":22,"f:64:17:64:53":3,"s:65:22:65:Infinity":23,"s:66:21:66:Infinity":24,"s:67:25:67:Infinity":25,"s:68:35:68:Infinity":26,"s:70:8:88:Infinity":27,"s:71:29:71:Infinity":28,"s:72:33:72:Infinity":29,"s:73:26:73:Infinity":30,"s:74:33:74:Infinity":31,"s:75:29:75:Infinity":32,"s:77:12:87:Infinity":33,"s:90:8:90:Infinity":34,"f:93:18:93:34":4,"b:94:8:96:Infinity:undefined:undefined:undefined:undefined":0,"s:94:8:96:Infinity":35,"s:95:12:95:Infinity":36,"s:98:29:98:Infinity":37,"s:99:31:99:Infinity":38,"b:101:8:103:Infinity:undefined:undefined:undefined:undefined":1,"s:101:8:103:Infinity":39,"b:101:12:101:33:101:33:101:76:101:76:101:93":2,"s:102:12:102:Infinity":40,"s:105:8:105:Infinity":41,"f:108:18:108:30":5,"b:109:8:111:Infinity:undefined:undefined:undefined:undefined":3,"s:109:8:111:Infinity":42,"s:110:12:110:Infinity":43,"s:113:29:113:Infinity":44,"s:114:27:114:Infinity":45,"b:116:8:118:Infinity:undefined:undefined:undefined:undefined":4,"s:116:8:118:Infinity":46,"b:116:12:116:32:116:32:116:75:116:75:116:88":5,"s:117:12:117:Infinity":47,"s:120:8:120:Infinity":48,"f:123:18:123:62":6,"s:124:25:124:Infinity":49,"s:125:8:125:Infinity":50,"f:128:12:128:29":7,"s:129:8:132:Infinity":51,"f:129:28:129:29":8,"s:129:70:132:10":52}}}
,"/Users/bkessels/Git-projects/websites/bartkessels.github.io/src/viewModels/gardening.view-model.ts": {"path":"/Users/bkessels/Git-projects/websites/bartkessels.github.io/src/viewModels/gardening.view-model.ts","statementMap":{"0":{"start":{"line":9,"column":25},"end":{"line":9,"column":null}},"1":{"start":{"line":10,"column":25},"end":{"line":10,"column":null}},"2":{"start":{"line":16,"column":21},"end":{"line":16,"column":null}},"3":{"start":{"line":17,"column":29},"end":{"line":17,"column":null}},"4":{"start":{"line":18,"column":35},"end":{"line":18,"column":null}},"5":{"start":{"line":20,"column":8},"end":{"line":24,"column":null}},"6":{"start":{"line":28,"column":29},"end":{"line":28,"column":null}},"7":{"start":{"line":29,"column":35},"end":{"line":29,"column":null}},"8":{"start":{"line":31,"column":8},"end":{"line":36,"column":null}},"9":{"start":{"line":31,"column":54},"end":{"line":36,"column":10}},"10":{"start":{"line":40,"column":31},"end":{"line":40,"column":null}},"11":{"start":{"line":41,"column":38},"end":{"line":41,"column":null}},"12":{"start":{"line":43,"column":8},"end":{"line":48,"column":null}},"13":{"start":{"line":44,"column":12},"end":{"line":47,"column":null}},"14":{"start":{"line":50,"column":8},"end":{"line":50,"column":null}},"15":{"start":{"line":54,"column":23},"end":{"line":54,"column":null}},"16":{"start":{"line":56,"column":8},"end":{"line":58,"column":null}},"17":{"start":{"line":56,"column":71},"end":{"line":58,"column":10}},"18":{"start":{"line":62,"column":8},"end":{"line":65,"column":null}},"19":{"start":{"line":62,"column":54},"end":{"line":65,"column":10}},"20":{"start":{"line":69,"column":22},"end":{"line":69,"column":null}},"21":{"start":{"line":70,"column":39},"end":{"line":70,"column":null}},"22":{"start":{"line":72,"column":8},"end":{"line":82,"column":null}},"23":{"start":{"line":73,"column":35},"end":{"line":73,"column":null}},"24":{"start":{"line":74,"column":27},"end":{"line":74,"column":null}},"25":{"start":{"line":75,"column":37},"end":{"line":75,"column":null}},"26":{"start":{"line":77,"column":12},"end":{"line":81,"column":null}},"27":{"start":{"line":84,"column":8},"end":{"line":85,"column":null}},"28":{"start":{"line":85,"column":56},"end":{"line":85,"column":90}},"29":{"start":{"line":89,"column":32},"end":{"line":89,"column":null}},"30":{"start":{"line":90,"column":29},"end":{"line":90,"column":null}},"31":{"start":{"line":90,"column":93},"end":{"line":90,"column":127}},"32":{"start":{"line":91,"column":44},"end":{"line":91,"column":null}},"33":{"start":{"line":93,"column":8},"end":{"line":98,"column":null}},"34":{"start":{"line":94,"column":12},"end":{"line":97,"column":null}},"35":{"start":{"line":100,"column":8},"end":{"line":100,"column":null}}},"fnMap":{"0":{"name":"(anonymous_0)","decl":{"start":{"line":8,"column":4},"end":{"line":8,"column":null}},"loc":{"start":{"line":11,"column":6},"end":{"line":13,"column":null}},"line":11},"1":{"name":"(anonymous_1)","decl":{"start":{"line":15,"column":17},"end":{"line":15,"column":58}},"loc":{"start":{"line":15,"column":58},"end":{"line":25,"column":null}},"line":15},"2":{"name":"(anonymous_2)","decl":{"start":{"line":27,"column":17},"end":{"line":27,"column":69}},"loc":{"start":{"line":27,"column":69},"end":{"line":37,"column":null}},"line":27},"3":{"name":"(anonymous_3)","decl":{"start":{"line":31,"column":32},"end":{"line":31,"column":33}},"loc":{"start":{"line":31,"column":54},"end":{"line":36,"column":10}},"line":31},"4":{"name":"(anonymous_4)","decl":{"start":{"line":39,"column":17},"end":{"line":39,"column":59}},"loc":{"start":{"line":39,"column":59},"end":{"line":51,"column":null}},"line":39},"5":{"name":"(anonymous_5)","decl":{"start":{"line":53,"column":17},"end":{"line":53,"column":55}},"loc":{"start":{"line":53,"column":55},"end":{"line":59,"column":null}},"line":53},"6":{"name":"(anonymous_6)","decl":{"start":{"line":56,"column":26},"end":{"line":56,"column":27}},"loc":{"start":{"line":56,"column":71},"end":{"line":58,"column":10}},"line":56},"7":{"name":"(anonymous_7)","decl":{"start":{"line":61,"column":12},"end":{"line":61,"column":34}},"loc":{"start":{"line":61,"column":85},"end":{"line":66,"column":null}},"line":61},"8":{"name":"(anonymous_8)","decl":{"start":{"line":62,"column":32},"end":{"line":62,"column":33}},"loc":{"start":{"line":62,"column":54},"end":{"line":65,"column":10}},"line":62},"9":{"name":"(anonymous_9)","decl":{"start":{"line":68,"column":18},"end":{"line":68,"column":61}},"loc":{"start":{"line":68,"column":61},"end":{"line":86,"column":null}},"line":68},"10":{"name":"(anonymous_10)","decl":{"start":{"line":85,"column":18},"end":{"line":85,"column":19}},"loc":{"start":{"line":85,"column":56},"end":{"line":85,"column":90}},"line":85},"11":{"name":"(anonymous_11)","decl":{"start":{"line":88,"column":12},"end":{"line":88,"column":32}},"loc":{"start":{"line":88,"column":100},"end":{"line":101,"column":null}},"line":88},"12":{"name":"(anonymous_12)","decl":{"start":{"line":90,"column":49},"end":{"line":90,"column":50}},"loc":{"start":{"line":90,"column":93},"end":{"line":90,"column":127}},"line":90}},"branchMap":{"0":{"loc":{"start":{"line":63,"column":18},"end":{"line":63,"column":null}},"type":"binary-expr","locations":[{"start":{"line":63,"column":18},"end":{"line":63,"column":38}},{"start":{"line":63,"column":38},"end":{"line":63,"column":null}}],"line":63},"1":{"loc":{"start":{"line":90,"column":93},"end":{"line":90,"column":127}},"type":"binary-expr","locations":[{"start":{"line":90,"column":93},"end":{"line":90,"column":112}},{"start":{"line":90,"column":112},"end":{"line":90,"column":127}}],"line":90}},"s":{"0":1,"1":1,"2":8,"3":8,"4":8,"5":8,"6":4,"7":4,"8":4,"9":4,"10":3,"11":3,"12":3,"13":3,"14":3,"15":3,"16":3,"17":3,"18":12,"19":11,"20":12,"21":12,"22":12,"23":11,"24":11,"25":11,"26":11,"27":12,"28":2,"29":11,"30":11,"31":6,"32":11,"33":11,"34":5,"35":11},"f":{"0":1,"1":8,"2":4,"3":4,"4":3,"5":3,"6":3,"7":12,"8":11,"9":12,"10":2,"11":11,"12":6},"b":{"0":[11,8],"1":[6,1]},"meta":{"lastBranch":2,"lastFunction":13,"lastStatement":36,"seen":{"f:8:4:8:Infinity":0,"s:9:25:9:Infinity":0,"s:10:25:10:Infinity":1,"f:15:17:15:58":1,"s:16:21:16:Infinity":2,"s:17:29:17:Infinity":3,"s:18:35:18:Infinity":4,"s:20:8:24:Infinity":5,"f:27:17:27:69":2,"s:28:29:28:Infinity":6,"s:29:35:29:Infinity":7,"s:31:8:36:Infinity":8,"f:31:32:31:33":3,"s:31:54:36:10":9,"f:39:17:39:59":4,"s:40:31:40:Infinity":10,"s:41:38:41:Infinity":11,"s:43:8:48:Infinity":12,"s:44:12:47:Infinity":13,"s:50:8:50:Infinity":14,"f:53:17:53:55":5,"s:54:23:54:Infinity":15,"s:56:8:58:Infinity":16,"f:56:26:56:27":6,"s:56:71:58:10":17,"f:61:12:61:34":7,"s:62:8:65:Infinity":18,"f:62:32:62:33":8,"s:62:54:65:10":19,"b:63:18:63:38:63:38:63:Infinity":0,"f:68:18:68:61":9,"s:69:22:69:Infinity":20,"s:70:39:70:Infinity":21,"s:72:8:82:Infinity":22,"s:73:35:73:Infinity":23,"s:74:27:74:Infinity":24,"s:75:37:75:Infinity":25,"s:77:12:81:Infinity":26,"s:84:8:85:Infinity":27,"f:85:18:85:19":10,"s:85:56:85:90":28,"f:88:12:88:32":11,"s:89:32:89:Infinity":29,"s:90:29:90:Infinity":30,"f:90:49:90:50":12,"s:90:93:90:127":31,"b:90:93:90:112:90:112:90:127":1,"s:91:44:91:Infinity":32,"s:93:8:98:Infinity":33,"s:94:12:97:Infinity":34,"s:100:8:100:Infinity":35}}}
,"/Users/bkessels/Git-projects/websites/bartkessels.github.io/src/viewModels/home.view-model.ts": {"path":"/Users/bkessels/Git-projects/websites/bartkessels.github.io/src/viewModels/home.view-model.ts","statementMap":{"0":{"start":{"line":10,"column":48},"end":{"line":10,"column":null}},"1":{"start":{"line":11,"column":63},"end":{"line":11,"column":null}},"2":{"start":{"line":12,"column":45},"end":{"line":12,"column":null}},"3":{"start":{"line":13,"column":54},"end":{"line":13,"column":null}},"4":{"start":{"line":16,"column":25},"end":{"line":16,"column":null}},"5":{"start":{"line":17,"column":25},"end":{"line":17,"column":null}},"6":{"start":{"line":18,"column":25},"end":{"line":18,"column":null}},"7":{"start":{"line":19,"column":25},"end":{"line":19,"column":null}},"8":{"start":{"line":20,"column":25},"end":{"line":20,"column":null}},"9":{"start":{"line":21,"column":25},"end":{"line":21,"column":null}},"10":{"start":{"line":27,"column":21},"end":{"line":27,"column":null}},"11":{"start":{"line":28,"column":28},"end":{"line":28,"column":null}},"12":{"start":{"line":29,"column":41},"end":{"line":29,"column":null}},"13":{"start":{"line":30,"column":29},"end":{"line":30,"column":null}},"14":{"start":{"line":31,"column":31},"end":{"line":31,"column":null}},"15":{"start":{"line":32,"column":52},"end":{"line":32,"column":null}},"16":{"start":{"line":34,"column":8},"end":{"line":37,"column":null}},"17":{"start":{"line":35,"column":28},"end":{"line":35,"column":null}},"18":{"start":{"line":36,"column":12},"end":{"line":36,"column":null}},"19":{"start":{"line":39,"column":8},"end":{"line":45,"column":null}}},"fnMap":{"0":{"name":"(anonymous_0)","decl":{"start":{"line":15,"column":4},"end":{"line":15,"column":null}},"loc":{"start":{"line":22,"column":6},"end":{"line":24,"column":null}},"line":22},"1":{"name":"(anonymous_1)","decl":{"start":{"line":26,"column":17},"end":{"line":26,"column":58}},"loc":{"start":{"line":26,"column":58},"end":{"line":46,"column":null}},"line":26}},"branchMap":{},"s":{"0":1,"1":1,"2":1,"3":1,"4":1,"5":1,"6":1,"7":1,"8":1,"9":1,"10":14,"11":14,"12":14,"13":14,"14":14,"15":14,"16":14,"17":3,"18":3,"19":14},"f":{"0":1,"1":14},"b":{},"meta":{"lastBranch":0,"lastFunction":2,"lastStatement":20,"seen":{"s:10:48:10:Infinity":0,"s:11:63:11:Infinity":1,"s:12:45:12:Infinity":2,"s:13:54:13:Infinity":3,"f:15:4:15:Infinity":0,"s:16:25:16:Infinity":4,"s:17:25:17:Infinity":5,"s:18:25:18:Infinity":6,"s:19:25:19:Infinity":7,"s:20:25:20:Infinity":8,"s:21:25:21:Infinity":9,"f:26:17:26:58":1,"s:27:21:27:Infinity":10,"s:28:28:28:Infinity":11,"s:29:41:29:Infinity":12,"s:30:29:30:Infinity":13,"s:31:31:31:Infinity":14,"s:32:52:32:Infinity":15,"s:34:8:37:Infinity":16,"s:35:28:35:Infinity":17,"s:36:12:36:Infinity":18,"s:39:8:45:Infinity":19}}}
,"/Users/bkessels/Git-projects/websites/bartkessels.github.io/src/viewModels/software.view-model.ts": {"path":"/Users/bkessels/Git-projects/websites/bartkessels.github.io/src/viewModels/software.view-model.ts","statementMap":{"0":{"start":{"line":7,"column":25},"end":{"line":7,"column":null}},"1":{"start":{"line":8,"column":25},"end":{"line":8,"column":null}},"2":{"start":{"line":14,"column":21},"end":{"line":14,"column":null}},"3":{"start":{"line":15,"column":25},"end":{"line":15,"column":null}},"4":{"start":{"line":17,"column":8},"end":{"line":20,"column":null}},"5":{"start":{"line":24,"column":25},"end":{"line":24,"column":null}},"6":{"start":{"line":26,"column":8},"end":{"line":28,"column":null}},"7":{"start":{"line":26,"column":65},"end":{"line":28,"column":10}}},"fnMap":{"0":{"name":"(anonymous_0)","decl":{"start":{"line":6,"column":4},"end":{"line":6,"column":null}},"loc":{"start":{"line":9,"column":6},"end":{"line":11,"column":null}},"line":9},"1":{"name":"(anonymous_1)","decl":{"start":{"line":13,"column":17},"end":{"line":13,"column":54}},"loc":{"start":{"line":13,"column":54},"end":{"line":21,"column":null}},"line":13},"2":{"name":"(anonymous_2)","decl":{"start":{"line":23,"column":17},"end":{"line":23,"column":61}},"loc":{"start":{"line":23,"column":61},"end":{"line":29,"column":null}},"line":23},"3":{"name":"(anonymous_3)","decl":{"start":{"line":26,"column":28},"end":{"line":26,"column":29}},"loc":{"start":{"line":26,"column":65},"end":{"line":28,"column":10}},"line":26}},"branchMap":{},"s":{"0":1,"1":1,"2":4,"3":4,"4":4,"5":3,"6":3,"7":4},"f":{"0":1,"1":4,"2":3,"3":4},"b":{},"meta":{"lastBranch":0,"lastFunction":4,"lastStatement":8,"seen":{"f:6:4:6:Infinity":0,"s:7:25:7:Infinity":0,"s:8:25:8:Infinity":1,"f:13:17:13:54":1,"s:14:21:14:Infinity":2,"s:15:25:15:Infinity":3,"s:17:8:20:Infinity":4,"f:23:17:23:61":2,"s:24:25:24:Infinity":5,"s:26:8:28:Infinity":6,"f:26:28:26:29":3,"s:26:65:28:10":7}}}
,"/Users/bkessels/Git-projects/websites/bartkessels.github.io/src/viewModels/stories.view-model.ts": {"path":"/Users/bkessels/Git-projects/websites/bartkessels.github.io/src/viewModels/stories.view-model.ts","statementMap":{"0":{"start":{"line":8,"column":25},"end":{"line":8,"column":null}},"1":{"start":{"line":9,"column":25},"end":{"line":9,"column":null}},"2":{"start":{"line":15,"column":21},"end":{"line":15,"column":null}},"3":{"start":{"line":16,"column":24},"end":{"line":16,"column":null}},"4":{"start":{"line":18,"column":8},"end":{"line":21,"column":null}},"5":{"start":{"line":25,"column":24},"end":{"line":25,"column":null}},"6":{"start":{"line":26,"column":36},"end":{"line":26,"column":null}},"7":{"start":{"line":28,"column":8},"end":{"line":37,"column":null}},"8":{"start":{"line":29,"column":26},"end":{"line":29,"column":null}},"9":{"start":{"line":30,"column":18},"end":{"line":30,"column":null}},"10":{"start":{"line":32,"column":12},"end":{"line":36,"column":null}},"11":{"start":{"line":39,"column":8},"end":{"line":39,"column":null}}},"fnMap":{"0":{"name":"(anonymous_0)","decl":{"start":{"line":7,"column":4},"end":{"line":7,"column":null}},"loc":{"start":{"line":10,"column":6},"end":{"line":12,"column":null}},"line":10},"1":{"name":"(anonymous_1)","decl":{"start":{"line":14,"column":17},"end":{"line":14,"column":54}},"loc":{"start":{"line":14,"column":54},"end":{"line":22,"column":null}},"line":14},"2":{"name":"(anonymous_2)","decl":{"start":{"line":24,"column":17},"end":{"line":24,"column":55}},"loc":{"start":{"line":24,"column":55},"end":{"line":40,"column":null}},"line":24}},"branchMap":{},"s":{"0":1,"1":1,"2":4,"3":4,"4":4,"5":6,"6":6,"7":6,"8":6,"9":6,"10":6,"11":6},"f":{"0":1,"1":4,"2":6},"b":{},"meta":{"lastBranch":0,"lastFunction":3,"lastStatement":12,"seen":{"f:7:4:7:Infinity":0,"s:8:25:8:Infinity":0,"s:9:25:9:Infinity":1,"f:14:17:14:54":1,"s:15:21:15:Infinity":2,"s:16:24:16:Infinity":3,"s:18:8:21:Infinity":4,"f:24:17:24:55":2,"s:25:24:25:Infinity":5,"s:26:36:26:Infinity":6,"s:28:8:37:Infinity":7,"s:29:26:29:Infinity":8,"s:30:18:30:Infinity":9,"s:32:12:36:Infinity":10,"s:39:8:39:Infinity":11}}}
}
